<?xml version="1.0" encoding="UTF-8"?>
<testsuite name="Bank.Simulator.AppTest" tests="1" skipped="0" failures="0" errors="0" timestamp="2024-02-12T23:17:58" hostname="paul" time="0.002">
  <properties/>
  <testcase name="appHasAGreeting" classname="Bank.Simulator.AppTest" time="0.002"/>
  <system-out><![CDATA[]]></system-out>
  <system-err><![CDATA[]]></system-err>
</testsuite>
